729667896
1144839780
415171884
1217418055
802246171
1287326916
802246171
1598969365
1908951042
1106704871
309981677
627555072
309981677
494823438
814671518
629829757
1207627105
887779025
309981677
0
176021748
350550044
176021748
364174929
380158781
1033467598
1154999742
1973283437
2508075126
2518416074
2342394326
1807602637
1154293820
1143952872
1183894389
1433781485
1706434443
1666492926
1416605830
1295073686
2083753347
2612520584
2845802370
3681504345
3493351164
3260069378
2987416420
2458649183
2745306679
1956627018
2012445039
2944166648
2012445039
1996461187
1940643166
1122359471
1905523816
2459399724
3164722642
3164722642
2878065146
2094900801
2094900801
1753202137
1811143417
1913053983
1447953852
1390012572
1687947708
1134071800
1032161234
1003258054
1326744789
621421871
297935136
1179399275
881464139
1298980661
1715865955
1751756585
1715865955
2400545919
3239447088
